Experiment details:  #epochs 2 batch size 32 learning rate  5e-05 model bert with metadata False
Start training...

 Epoch  |  Batch  |  Train Loss  | Train Acc   |  Val Loss  |  Val Acc  |  Elapsed 
----------------------------------------------------------------------
   1    |   11    |   0.693236   |     -      |     -     |   3.90   
----------------------------------------------------------------------
   1    |    -    |   0.693236   |   72.40   |  0.652695  |   63.29   |   5.35   
----------------------------------------------------------------------


 Epoch  |  Batch  |  Train Loss  | Train Acc   |  Val Loss  |  Val Acc  |  Elapsed 
----------------------------------------------------------------------
   2    |   11    |   0.614686   |     -      |     -     |   3.84   
----------------------------------------------------------------------
   2    |    -    |   0.614686   |   71.09   |  0.614857  |   66.42   |   5.55   
----------------------------------------------------------------------


Training complete!
              precision    recall  f1-score   support

        fake       0.85      0.28      0.42        39
        real       0.63      0.96      0.76        50

   micro avg       0.66      0.66      0.66        89
   macro avg       0.74      0.62      0.59        89
weighted avg       0.73      0.66      0.61        89

